[debug] [2023-12-20T22:23:02.455Z] ----------------------------------------------------------------------
[debug] [2023-12-20T22:23:02.458Z] Command:       C:\Program Files\nodejs\node.exe C:\ESD\main\Sourcecode\node_modules\firebase-tools\lib\bin\firebase.js serve --only functions
[debug] [2023-12-20T22:23:02.459Z] CLI Version:   13.0.1
[debug] [2023-12-20T22:23:02.459Z] Platform:      win32
[debug] [2023-12-20T22:23:02.459Z] Node Version:  v18.18.2
[debug] [2023-12-20T22:23:02.460Z] Time:          Thu Dec 21 2023 00:23:02 GMT+0200 (Eastern European Standard Time)
[debug] [2023-12-20T22:23:02.461Z] ----------------------------------------------------------------------
[debug] 
[debug] [2023-12-20T22:23:02.606Z] > command requires scopes: ["email","openid","https://www.googleapis.com/auth/cloudplatformprojects.readonly","https://www.googleapis.com/auth/firebase","https://www.googleapis.com/auth/cloud-platform"]
[debug] [2023-12-20T22:23:02.607Z] > authorizing via signed-in user (mersal.thec@gmail.com)
[debug] [2023-12-20T22:23:02.607Z] [iam] checking project taximw for permissions ["firebase.projects.get"]
[debug] [2023-12-20T22:23:02.609Z] >>> [apiv2][query] POST https://cloudresourcemanager.googleapis.com/v1/projects/taximw:testIamPermissions [none]
[debug] [2023-12-20T22:23:02.609Z] >>> [apiv2][(partial)header] POST https://cloudresourcemanager.googleapis.com/v1/projects/taximw:testIamPermissions x-goog-quota-user=projects/taximw
[debug] [2023-12-20T22:23:02.609Z] >>> [apiv2][body] POST https://cloudresourcemanager.googleapis.com/v1/projects/taximw:testIamPermissions {"permissions":["firebase.projects.get"]}
[debug] [2023-12-20T22:23:03.537Z] <<< [apiv2][status] POST https://cloudresourcemanager.googleapis.com/v1/projects/taximw:testIamPermissions 200
[debug] [2023-12-20T22:23:03.538Z] <<< [apiv2][body] POST https://cloudresourcemanager.googleapis.com/v1/projects/taximw:testIamPermissions {"permissions":["firebase.projects.get"]}
[debug] [2023-12-20T22:23:03.542Z] >>> [apiv2][query] GET https://firebase.googleapis.com/v1beta1/projects/taximw [none]
[debug] [2023-12-20T22:23:04.335Z] <<< [apiv2][status] GET https://firebase.googleapis.com/v1beta1/projects/taximw 200
[debug] [2023-12-20T22:23:04.336Z] <<< [apiv2][body] GET https://firebase.googleapis.com/v1beta1/projects/taximw {"projectId":"taximw","projectNumber":"161750386934","displayName":"taximw","name":"projects/taximw","resources":{"hostingSite":"taximw","realtimeDatabaseInstance":"taximw-default-rtdb","storageBucket":"taximw.appspot.com","locationId":"us-central"},"state":"ACTIVE","etag":"1_49829e3b-8fba-4fae-b6b0-e287ae019504"}
[debug] [2023-12-20T22:23:04.345Z] defaultcredentials: writing to file C:\Users\ahmed\AppData\Roaming\firebase\mersal_thec_gmail.com_application_default_credentials.json
[debug] [2023-12-20T22:23:04.347Z] Setting GAC to C:\Users\ahmed\AppData\Roaming\firebase\mersal_thec_gmail.com_application_default_credentials.json {"metadata":{"emulator":{"name":"functions"},"message":"Setting GAC to C:\\Users\\ahmed\\AppData\\Roaming\\firebase\\mersal_thec_gmail.com_application_default_credentials.json"}}
[debug] [2023-12-20T22:23:04.348Z] >>> [apiv2][query] GET https://firebase.googleapis.com/v1beta1/projects/taximw/adminSdkConfig [none]
[debug] [2023-12-20T22:23:05.174Z] <<< [apiv2][status] GET https://firebase.googleapis.com/v1beta1/projects/taximw/adminSdkConfig 200
[debug] [2023-12-20T22:23:05.175Z] <<< [apiv2][body] GET https://firebase.googleapis.com/v1beta1/projects/taximw/adminSdkConfig {"projectId":"taximw","databaseURL":"https://taximw-default-rtdb.europe-west1.firebasedatabase.app","storageBucket":"taximw.appspot.com","locationId":"us-central"}
[info] i  functions: Watching "C:\ESD\main\Sourcecode\functions" for Cloud Functions... {"metadata":{"emulator":{"name":"functions"},"message":"Watching \"C:\\ESD\\main\\Sourcecode\\functions\" for Cloud Functions..."}}
[debug] [2023-12-20T22:23:05.203Z] Validating nodejs source
[debug] [2023-12-20T22:23:07.620Z] > [functions] package.json contents: {
  "name": "functions",
  "version": "1.0.0",
  "description": "Cloud Functions for Firebase",
  "scripts": {
    "lint": "eslint .",
    "serve": "firebase serve --only functions",
    "shell": "firebase functions:shell",
    "start": "npm run shell",
    "deploy": "firebase deploy --only functions",
    "logs": "firebase functions:log"
  },
  "engines": {
    "node": "18"
  },
  "dependencies": {
    "@iamtraction/google-translate": "^2.0.1",
    "axios": "^0.25.0",
    "braintree": "^2.21.0",
    "crypto": "^1.0.1",
    "crypto-js": "^4.1.1",
    "firebase-admin": "^10.0.2",
    "firebase-functions": "^4.5.0",
    "liqpay": "^0.0.1",
    "mercadopago": "^1.5.8",
    "node-fetch": "2.6.7",
    "nodemailer": "^6.7.5",
    "paystack": "^2.0.1",
    "regularusedfunctions": "1.9.0",
    "request": "^2.88.2",
    "square": "^17.2.0",
    "stripe": "^8.201.0",
    "util": "^0.12.1",
    "ejs": "^3.1.9"
  },
  "devDependencies": {
    "eslint": "^8.8.0",
    "eslint-plugin-promise": "^6.0.0",
    "firebase-functions-test": "^0.3.3"
  },
  "private": true
}
[debug] [2023-12-20T22:23:07.621Z] Building nodejs source
[debug] [2023-12-20T22:23:07.621Z] Failed to find version of module node: reached end of search path C:\ESD\main\Sourcecode\functions\node_modules
[info] +  functions: Using node@18 from host. 
[debug] [2023-12-20T22:23:07.625Z] Could not find functions.yaml. Must use http discovery
[debug] [2023-12-20T22:23:07.640Z] Found firebase-functions binary at 'C:\ESD\main\Sourcecode\functions\node_modules\.bin\firebase-functions'
[info] Serving at port 8798

[debug] [2023-12-20T22:23:09.215Z] Got response from /__/functions.yaml {"endpoints":{"tylinq-link":{"platform":"gcfv1","availableMemoryMb":null,"timeoutSeconds":null,"minInstances":null,"maxInstances":null,"ingressSettings":null,"serviceAccountEmail":null,"vpc":null,"httpsTrigger":{},"entryPoint":"tylinq.link"},"tylinq-process":{"platform":"gcfv1","availableMemoryMb":null,"timeoutSeconds":null,"minInstances":null,"maxInstances":null,"ingressSettings":null,"serviceAccountEmail":null,"vpc":null,"httpsTrigger":{},"entryPoint":"tylinq.process"},"googleapi":{"platform":"gcfv1","availableMemoryMb":null,"timeoutSeconds":null,"minInstances":null,"maxInstances":null,"ingressSettings":null,"serviceAccountEmail":null,"vpc":null,"httpsTrigger":{},"entryPoint":"googleapi"},"get_providers":{"platform":"gcfv1","availableMemoryMb":null,"timeoutSeconds":null,"minInstances":null,"maxInstances":null,"ingressSettings":null,"serviceAccountEmail":null,"vpc":null,"httpsTrigger":{},"entryPoint":"get_providers"},"success":{"platform":"gcfv1","availableMemoryMb":null,"timeoutSeconds":null,"minInstances":null,"maxInstances":null,"ingressSettings":null,"serviceAccountEmail":null,"vpc":null,"httpsTrigger":{},"entryPoint":"success"},"cancel":{"platform":"gcfv1","availableMemoryMb":null,"timeoutSeconds":null,"minInstances":null,"maxInstances":null,"ingressSettings":null,"serviceAccountEmail":null,"vpc":null,"httpsTrigger":{},"entryPoint":"cancel"},"updateBooking":{"platform":"gcfv1","availableMemoryMb":null,"timeoutSeconds":null,"minInstances":null,"maxInstances":null,"ingressSettings":null,"serviceAccountEmail":null,"vpc":null,"eventTrigger":{"eventType":"providers/google.firebase.database/eventTypes/ref.update","eventFilters":{"resource":"projects/_/instances/taximw-default-rtdb/refs/bookings/{bookingId}"},"retry":false},"labels":{},"entryPoint":"updateBooking"},"withdrawCreate":{"platform":"gcfv1","availableMemoryMb":null,"timeoutSeconds":null,"minInstances":null,"maxInstances":null,"ingressSettings":null,"serviceAccountEmail":null,"vpc":null,"eventTrigger":{"eventType":"providers/google.firebase.database/eventTypes/ref.create","eventFilters":{"resource":"projects/_/instances/taximw-default-rtdb/refs/withdraws/{wid}"},"retry":false},"labels":{},"entryPoint":"withdrawCreate"},"bookingScheduler":{"platform":"gcfv1","availableMemoryMb":null,"timeoutSeconds":null,"minInstances":null,"maxInstances":null,"ingressSettings":null,"serviceAccountEmail":null,"vpc":null,"scheduleTrigger":{"schedule":"every 5 minutes","retryConfig":{"retryCount":null,"maxDoublings":null,"maxRetryDuration":null,"maxBackoffDuration":null,"minBackoffDuration":null},"timeZone":null},"labels":{},"entryPoint":"bookingScheduler"},"userDelete":{"platform":"gcfv1","availableMemoryMb":null,"timeoutSeconds":null,"minInstances":null,"maxInstances":null,"ingressSettings":null,"serviceAccountEmail":null,"vpc":null,"eventTrigger":{"eventType":"providers/google.firebase.database/eventTypes/ref.delete","eventFilters":{"resource":"projects/_/instances/taximw-default-rtdb/refs/users/{uid}"},"retry":false},"labels":{},"entryPoint":"userDelete"},"userCreate":{"platform":"gcfv1","availableMemoryMb":null,"timeoutSeconds":null,"minInstances":null,"maxInstances":null,"ingressSettings":null,"serviceAccountEmail":null,"vpc":null,"eventTrigger":{"eventType":"providers/google.firebase.database/eventTypes/ref.create","eventFilters":{"resource":"projects/_/instances/taximw-default-rtdb/refs/users/{uid}"},"retry":false},"labels":{},"entryPoint":"userCreate"},"send_notification":{"platform":"gcfv1","availableMemoryMb":null,"timeoutSeconds":null,"minInstances":null,"maxInstances":null,"ingressSettings":null,"serviceAccountEmail":null,"vpc":null,"httpsTrigger":{},"entryPoint":"send_notification"},"check_user_exists":{"platform":"gcfv1","availableMemoryMb":null,"timeoutSeconds":null,"minInstances":null,"maxInstances":null,"ingressSettings":null,"serviceAccountEmail":null,"vpc":null,"httpsTrigger":{},"entryPoint":"check_user_exists"},"validate_referrer":{"platform":"gcfv1","availableMemoryMb":null,"timeoutSeconds":null,"minInstances":null,"maxInstances":null,"ingressSettings":null,"serviceAccountEmail":null,"vpc":null,"httpsTrigger":{},"entryPoint":"validate_referrer"},"user_signup":{"platform":"gcfv1","availableMemoryMb":null,"timeoutSeconds":null,"minInstances":null,"maxInstances":null,"ingressSettings":null,"serviceAccountEmail":null,"vpc":null,"httpsTrigger":{},"entryPoint":"user_signup"},"update_user_email":{"platform":"gcfv1","availableMemoryMb":null,"timeoutSeconds":null,"minInstances":null,"maxInstances":null,"ingressSettings":null,"serviceAccountEmail":null,"vpc":null,"httpsTrigger":{},"entryPoint":"update_user_email"},"gettranslation":{"platform":"gcfv1","availableMemoryMb":null,"timeoutSeconds":null,"minInstances":null,"maxInstances":null,"ingressSettings":null,"serviceAccountEmail":null,"vpc":null,"httpsTrigger":{},"entryPoint":"gettranslation"},"getservertime":{"platform":"gcfv1","availableMemoryMb":null,"timeoutSeconds":null,"minInstances":null,"maxInstances":null,"ingressSettings":null,"serviceAccountEmail":null,"vpc":null,"httpsTrigger":{},"entryPoint":"getservertime"},"checksmtpdetails":{"platform":"gcfv1","availableMemoryMb":null,"timeoutSeconds":null,"minInstances":null,"maxInstances":null,"ingressSettings":null,"serviceAccountEmail":null,"vpc":null,"httpsTrigger":{},"entryPoint":"checksmtpdetails"},"check_auth_exists":{"platform":"gcfv1","availableMemoryMb":null,"timeoutSeconds":null,"minInstances":null,"maxInstances":null,"ingressSettings":null,"serviceAccountEmail":null,"vpc":null,"httpsTrigger":{},"entryPoint":"check_auth_exists"},"request_mobile_otp":{"platform":"gcfv1","availableMemoryMb":null,"timeoutSeconds":null,"minInstances":null,"maxInstances":null,"ingressSettings":null,"serviceAccountEmail":null,"vpc":null,"httpsTrigger":{},"entryPoint":"request_mobile_otp"},"verify_mobile_otp":{"platform":"gcfv1","availableMemoryMb":null,"timeoutSeconds":null,"minInstances":null,"maxInstances":null,"ingressSettings":null,"serviceAccountEmail":null,"vpc":null,"httpsTrigger":{},"entryPoint":"verify_mobile_otp"},"update_auth_mobile":{"platform":"gcfv1","availableMemoryMb":null,"timeoutSeconds":null,"minInstances":null,"maxInstances":null,"ingressSettings":null,"serviceAccountEmail":null,"vpc":null,"httpsTrigger":{},"entryPoint":"update_auth_mobile"}},"specVersion":"v1alpha1","requiredAPIs":[{"api":"cloudscheduler.googleapis.com","reason":"Needed for scheduled functions."}]}
[info] +  functions: Loaded functions definitions from source: tylinq.link, tylinq.process, googleapi, get_providers, success, cancel, updateBooking, withdrawCreate, bookingScheduler, userDelete, userCreate, send_notification, check_user_exists, validate_referrer, user_signup, update_user_email, gettranslation, getservertime, checksmtpdetails, check_auth_exists, request_mobile_otp, verify_mobile_otp, update_auth_mobile. {"metadata":{"emulator":{"name":"functions"},"message":"Loaded functions definitions from source: tylinq.link, tylinq.process, googleapi, get_providers, success, cancel, updateBooking, withdrawCreate, bookingScheduler, userDelete, userCreate, send_notification, check_user_exists, validate_referrer, user_signup, update_user_email, gettranslation, getservertime, checksmtpdetails, check_auth_exists, request_mobile_otp, verify_mobile_otp, update_auth_mobile."}}
[info] +  functions[us-central1-tylinq-link]: http function initialized (http://localhost:5000/taximw/us-central1/tylinq-link). {"metadata":{"emulator":{"name":"functions"},"message":"\u001b[1mhttp\u001b[22m function initialized (http://localhost:5000/taximw/us-central1/tylinq-link)."}}
[info] +  functions[us-central1-tylinq-process]: http function initialized (http://localhost:5000/taximw/us-central1/tylinq-process). {"metadata":{"emulator":{"name":"functions"},"message":"\u001b[1mhttp\u001b[22m function initialized (http://localhost:5000/taximw/us-central1/tylinq-process)."}}
[info] +  functions[us-central1-googleapi]: http function initialized (http://localhost:5000/taximw/us-central1/googleapi). {"metadata":{"emulator":{"name":"functions"},"message":"\u001b[1mhttp\u001b[22m function initialized (http://localhost:5000/taximw/us-central1/googleapi)."}}
[info] +  functions[us-central1-get_providers]: http function initialized (http://localhost:5000/taximw/us-central1/get_providers). {"metadata":{"emulator":{"name":"functions"},"message":"\u001b[1mhttp\u001b[22m function initialized (http://localhost:5000/taximw/us-central1/get_providers)."}}
[info] +  functions[us-central1-success]: http function initialized (http://localhost:5000/taximw/us-central1/success). {"metadata":{"emulator":{"name":"functions"},"message":"\u001b[1mhttp\u001b[22m function initialized (http://localhost:5000/taximw/us-central1/success)."}}
[info] +  functions[us-central1-cancel]: http function initialized (http://localhost:5000/taximw/us-central1/cancel). {"metadata":{"emulator":{"name":"functions"},"message":"\u001b[1mhttp\u001b[22m function initialized (http://localhost:5000/taximw/us-central1/cancel)."}}
[info] i  functions[us-central1-updateBooking]: function ignored because the database emulator does not exist or is not running. {"metadata":{"emulator":{"name":"functions"},"message":"function ignored because the database emulator does not exist or is not running."}}
[info] i  functions[us-central1-withdrawCreate]: function ignored because the database emulator does not exist or is not running. {"metadata":{"emulator":{"name":"functions"},"message":"function ignored because the database emulator does not exist or is not running."}}
[info] i  functions[us-central1-bookingScheduler]: function ignored because the pubsub emulator does not exist or is not running. {"metadata":{"emulator":{"name":"functions"},"message":"function ignored because the pubsub emulator does not exist or is not running."}}
[info] i  functions[us-central1-userDelete]: function ignored because the database emulator does not exist or is not running. {"metadata":{"emulator":{"name":"functions"},"message":"function ignored because the database emulator does not exist or is not running."}}
[info] i  functions[us-central1-userCreate]: function ignored because the database emulator does not exist or is not running. {"metadata":{"emulator":{"name":"functions"},"message":"function ignored because the database emulator does not exist or is not running."}}
[info] +  functions[us-central1-send_notification]: http function initialized (http://localhost:5000/taximw/us-central1/send_notification). {"metadata":{"emulator":{"name":"functions"},"message":"\u001b[1mhttp\u001b[22m function initialized (http://localhost:5000/taximw/us-central1/send_notification)."}}
[info] +  functions[us-central1-check_user_exists]: http function initialized (http://localhost:5000/taximw/us-central1/check_user_exists). {"metadata":{"emulator":{"name":"functions"},"message":"\u001b[1mhttp\u001b[22m function initialized (http://localhost:5000/taximw/us-central1/check_user_exists)."}}
[info] +  functions[us-central1-validate_referrer]: http function initialized (http://localhost:5000/taximw/us-central1/validate_referrer). {"metadata":{"emulator":{"name":"functions"},"message":"\u001b[1mhttp\u001b[22m function initialized (http://localhost:5000/taximw/us-central1/validate_referrer)."}}
[info] +  functions[us-central1-user_signup]: http function initialized (http://localhost:5000/taximw/us-central1/user_signup). {"metadata":{"emulator":{"name":"functions"},"message":"\u001b[1mhttp\u001b[22m function initialized (http://localhost:5000/taximw/us-central1/user_signup)."}}
[info] +  functions[us-central1-update_user_email]: http function initialized (http://localhost:5000/taximw/us-central1/update_user_email). {"metadata":{"emulator":{"name":"functions"},"message":"\u001b[1mhttp\u001b[22m function initialized (http://localhost:5000/taximw/us-central1/update_user_email)."}}
[info] +  functions[us-central1-gettranslation]: http function initialized (http://localhost:5000/taximw/us-central1/gettranslation). {"metadata":{"emulator":{"name":"functions"},"message":"\u001b[1mhttp\u001b[22m function initialized (http://localhost:5000/taximw/us-central1/gettranslation)."}}
[info] +  functions[us-central1-getservertime]: http function initialized (http://localhost:5000/taximw/us-central1/getservertime). {"metadata":{"emulator":{"name":"functions"},"message":"\u001b[1mhttp\u001b[22m function initialized (http://localhost:5000/taximw/us-central1/getservertime)."}}
[info] +  functions[us-central1-checksmtpdetails]: http function initialized (http://localhost:5000/taximw/us-central1/checksmtpdetails). {"metadata":{"emulator":{"name":"functions"},"message":"\u001b[1mhttp\u001b[22m function initialized (http://localhost:5000/taximw/us-central1/checksmtpdetails)."}}
[info] +  functions[us-central1-check_auth_exists]: http function initialized (http://localhost:5000/taximw/us-central1/check_auth_exists). {"metadata":{"emulator":{"name":"functions"},"message":"\u001b[1mhttp\u001b[22m function initialized (http://localhost:5000/taximw/us-central1/check_auth_exists)."}}
[info] +  functions[us-central1-request_mobile_otp]: http function initialized (http://localhost:5000/taximw/us-central1/request_mobile_otp). {"metadata":{"emulator":{"name":"functions"},"message":"\u001b[1mhttp\u001b[22m function initialized (http://localhost:5000/taximw/us-central1/request_mobile_otp)."}}
[info] +  functions[us-central1-verify_mobile_otp]: http function initialized (http://localhost:5000/taximw/us-central1/verify_mobile_otp). {"metadata":{"emulator":{"name":"functions"},"message":"\u001b[1mhttp\u001b[22m function initialized (http://localhost:5000/taximw/us-central1/verify_mobile_otp)."}}
[info] +  functions[us-central1-update_auth_mobile]: http function initialized (http://localhost:5000/taximw/us-central1/update_auth_mobile). {"metadata":{"emulator":{"name":"functions"},"message":"\u001b[1mhttp\u001b[22m function initialized (http://localhost:5000/taximw/us-central1/update_auth_mobile)."}}
